# JRE version: OpenJDK Runtime Environment Temurin-17.0.18+8 (17.0.18+8) (build 17.0.18+8)
# Java VM: OpenJDK 64-Bit Server VM Temurin-17.0.18+8 (17.0.18+8, mixed mode, sharing, tiered, compressed oops, compressed class ptrs, g1 gc, windows-amd64)
GC Precious Log:
 CPUs: 16 total, 16 available
 Memory: 16024M
 Large Page Support: Disabled
 NUMA Support: Disabled
 Compressed Oops: Enabled (Zero based)
 Heap Region Size: 2M
 Heap Min Capacity: 8M
 Heap Initial Capacity: 252M
 Heap Max Capacity: 4008M
 Pre-touch: Disabled
 Parallel Workers: 13
 Concurrent Workers: 3
 Concurrent Refinement Workers: 13
 Periodic GC: Disabled
Heap:
 garbage-first heap   total 61440K, used 22077K [0x0000000705800000, 0x0000000800000000)
  region size 2048K, 2 young (4096K), 2 survivors (4096K)
 Metaspace       used 46358K, committed 46848K, reserved 1114112K
  class space    used 5974K, committed 6208K, reserved 1048576K
GC Heap History (20 events):
Event: 1.456 GC heap after
{Heap after GC invocations=2 (full 0):
 garbage-first heap   total 258048K, used 7998K [0x0000000705800000, 0x0000000800000000)
  region size 2048K, 1 young (2048K), 1 survivors (2048K)
 Metaspace       used 9516K, committed 9792K, reserved 1114112K
  class space    used 1178K, committed 1280K, reserved 1048576K
}
Event: 2.700 GC heap before
{Heap before GC invocations=2 (full 0):
 garbage-first heap   total 258048K, used 61246K [0x0000000705800000, 0x0000000800000000)
  region size 2048K, 27 young (55296K), 1 survivors (2048K)
 Metaspace       used 20262K, committed 20608K, reserved 1114112K
  class space    used 2523K, committed 2688K, reserved 1048576K
}
Event: 2.705 GC heap after
{Heap after GC invocations=3 (full 0):
 garbage-first heap   total 258048K, used 11851K [0x0000000705800000, 0x0000000800000000)
  region size 2048K, 3 young (6144K), 3 survivors (6144K)
 Metaspace       used 20262K, committed 20608K, reserved 1114112K
  class space    used 2523K, committed 2688K, reserved 1048576K
}
Event: 2.954 GC heap before
{Heap before GC invocations=3 (full 0):
 garbage-first heap   total 258048K, used 20043K [0x0000000705800000, 0x0000000800000000)
  region size 2048K, 8 young (16384K), 3 survivors (6144K)
 Metaspace       used 21125K, committed 21504K, reserved 1114112K
  class space    used 2626K, committed 2816K, reserved 1048576K
}
Event: 2.961 GC heap after
{Heap after GC invocations=4 (full 0):
 garbage-first heap   total 258048K, used 12614K [0x0000000705800000, 0x0000000800000000)
  region size 2048K, 4 young (8192K), 4 survivors (8192K)
 Metaspace       used 21125K, committed 21504K, reserved 1114112K
  class space    used 2626K, committed 2816K, reserved 1048576K
}
Event: 3.634 GC heap before
{Heap before GC invocations=5 (full 0):
 garbage-first heap   total 61440K, used 41286K [0x0000000705800000, 0x0000000800000000)
  region size 2048K, 18 young (36864K), 4 survivors (8192K)
 Metaspace       used 23306K, committed 23744K, reserved 1114112K
  class space    used 2882K, committed 3072K, reserved 1048576K
}
Event: 3.640 GC heap after
{Heap after GC invocations=6 (full 0):
 garbage-first heap   total 61440K, used 14206K [0x0000000705800000, 0x0000000800000000)
  region size 2048K, 2 young (4096K), 2 survivors (4096K)
 Metaspace       used 23306K, committed 23744K, reserved 1114112K
  class space    used 2882K, committed 3072K, reserved 1048576K
}
Event: 3.684 GC heap before
{Heap before GC invocations=6 (full 0):
 garbage-first heap   total 61440K, used 16254K [0x0000000705800000, 0x0000000800000000)
  region size 2048K, 3 young (6144K), 2 survivors (4096K)
 Metaspace       used 23617K, committed 24064K, reserved 1114112K
  class space    used 2922K, committed 3136K, reserved 1048576K
}
Event: 3.686 GC heap after
{Heap after GC invocations=7 (full 0):
 garbage-first heap   total 61440K, used 14298K [0x0000000705800000, 0x0000000800000000)
  region size 2048K, 1 young (2048K), 1 survivors (2048K)
 Metaspace       used 23617K, committed 24064K, reserved 1114112K
  class space    used 2922K, committed 3136K, reserved 1048576K
}
Event: 4.554 GC heap before
{Heap before GC invocations=7 (full 0):
 garbage-first heap   total 61440K, used 42970K [0x0000000705800000, 0x0000000800000000)
  region size 2048K, 15 young (30720K), 1 survivors (2048K)
 Metaspace       used 28121K, committed 28544K, reserved 1114112K
  class space    used 3533K, committed 3712K, reserved 1048576K
}
Event: 4.557 GC heap after
{Heap after GC invocations=8 (full 0):
 garbage-first heap   total 61440K, used 15976K [0x0000000705800000, 0x0000000800000000)
  region size 2048K, 2 young (4096K), 2 survivors (4096K)
 Metaspace       used 28121K, committed 28544K, reserved 1114112K
  class space    used 3533K, committed 3712K, reserved 1048576K
}
Event: 5.693 GC heap before
{Heap before GC invocations=8 (full 0):
 garbage-first heap   total 61440K, used 42600K [0x0000000705800000, 0x0000000800000000)
  region size 2048K, 15 young (30720K), 2 survivors (4096K)
 Metaspace       used 32595K, committed 33024K, reserved 1114112K
  class space    used 4212K, committed 4416K, reserved 1048576K
}
Event: 5.697 GC heap after
{Heap after GC invocations=9 (full 0):
 garbage-first heap   total 61440K, used 18003K [0x0000000705800000, 0x0000000800000000)
  region size 2048K, 1 young (2048K), 1 survivors (2048K)
 Metaspace       used 32595K, committed 33024K, reserved 1114112K
  class space    used 4212K, committed 4416K, reserved 1048576K
}
Event: 6.477 GC heap before
{Heap before GC invocations=9 (full 0):
 garbage-first heap   total 61440K, used 32339K [0x0000000705800000, 0x0000000800000000)
  region size 2048K, 9 young (18432K), 1 survivors (2048K)
 Metaspace       used 35470K, committed 35968K, reserved 1114112K
  class space    used 4543K, committed 4736K, reserved 1048576K
}
Event: 6.480 GC heap after
{Heap after GC invocations=10 (full 0):
 garbage-first heap   total 61440K, used 18885K [0x0000000705800000, 0x0000000800000000)
  region size 2048K, 2 young (4096K), 2 survivors (4096K)
 Metaspace       used 35470K, committed 35968K, reserved 1114112K
  class space    used 4543K, committed 4736K, reserved 1048576K
}
Event: 7.300 GC heap before
{Heap before GC invocations=11 (full 0):
 garbage-first heap   total 61440K, used 43461K [0x0000000705800000, 0x0000000800000000)
  region size 2048K, 15 young (30720K), 2 survivors (4096K)
 Metaspace       used 41390K, committed 41920K, reserved 1114112K
  class space    used 5248K, committed 5504K, reserved 1048576K
}
Event: 7.304 GC heap after
{Heap after GC invocations=12 (full 0):
 garbage-first heap   total 61440K, used 20352K [0x0000000705800000, 0x0000000800000000)
  region size 2048K, 2 young (4096K), 2 survivors (4096K)
 Metaspace       used 41390K, committed 41920K, reserved 1114112K
  class space    used 5248K, committed 5504K, reserved 1048576K
}
Event: 7.402 GC heap before
{Heap before GC invocations=12 (full 0):
 garbage-first heap   total 61440K, used 22400K [0x0000000705800000, 0x0000000800000000)
  region size 2048K, 3 young (6144K), 2 survivors (4096K)
 Metaspace       used 41606K, committed 42112K, reserved 1114112K
  class space    used 5285K, committed 5568K, reserved 1048576K
}
Event: 7.406 GC heap after
{Heap after GC invocations=13 (full 0):
 garbage-first heap   total 61440K, used 20348K [0x0000000705800000, 0x0000000800000000)
  region size 2048K, 1 young (2048K), 1 survivors (2048K)
 Metaspace       used 41606K, committed 42112K, reserved 1114112K
  class space    used 5285K, committed 5568K, reserved 1048576K
}
Event: 8.792 GC heap before
{Heap before GC invocations=13 (full 0):
 garbage-first heap   total 61440K, used 46972K [0x0000000705800000, 0x0000000800000000)
  region size 2048K, 14 young (28672K), 1 survivors (2048K)
 Metaspace       used 46358K, committed 46848K, reserved 1114112K
  class space    used 5974K, committed 6208K, reserved 1048576K
}

